<?xml version="1.0" encoding="UTF-8"?>
<testng-results skipped="0" failed="0" total="1" passed="1">
  <reporter-output>
  </reporter-output>
  <suite name="Command line suite" duration-ms="17983" started-at="2016-01-26T17:34:43Z" finished-at="2016-01-26T17:35:01Z">
    <groups>
    </groups>
    <test name="Command line test" duration-ms="17983" started-at="2016-01-26T17:34:43Z" finished-at="2016-01-26T17:35:01Z">
      <class name="test.java.SmokeTest.Prod.SampleTest">
        <test-method status="PASS" signature="setUp(java.lang.reflect.Method)" name="setUp" is-config="true" duration-ms="11208" started-at="2016-01-26T17:34:43Z" finished-at="2016-01-26T17:34:55Z">
          <params>
            <param index="0">
              <value>
                <![CDATA[public void test.java.SmokeTest.Prod.SampleTest.test()]]>
              </value>
            </param>
          </params>
        </test-method>
        <test-method status="PASS" signature="test()" name="test" duration-ms="4894" started-at="2016-01-26T17:34:55Z" finished-at="2016-01-26T17:35:00Z">
        </test-method>
        <test-method status="PASS" signature="tearDown()" name="tearDown" is-config="true" duration-ms="1875" started-at="2016-01-26T17:35:00Z" finished-at="2016-01-26T17:35:01Z">
        </test-method>
      </class>
    </test>
  </suite>
</testng-results>
